<?xml version="1.0" encoding="UTF-8"?>
<testsuite name="com.vssekorin.sosna.ListTest" tests="18" skipped="0" failures="0" errors="0" timestamp="2022-11-20T01:15:44" hostname="vshp" time="0.024">
  <properties/>
  <testcase name="testApplyReturnElementIfIndexIsCorrect()" classname="com.vssekorin.sosna.ListTest" time="0.012"/>
  <testcase name="testConsLength()" classname="com.vssekorin.sosna.ListTest" time="0.0"/>
  <testcase name="testNilLengthIsZero()" classname="com.vssekorin.sosna.ListTest" time="0.001"/>
  <testcase name="testGetOrNullReturnElementIfIndexIsCorrect()" classname="com.vssekorin.sosna.ListTest" time="0.0"/>
  <testcase name="testApplyReturnNullIfIndexIsNotCorrect()" classname="com.vssekorin.sosna.ListTest" time="0.0"/>
  <testcase name="testHead()" classname="com.vssekorin.sosna.ListTest" time="0.0"/>
  <testcase name="testTail()" classname="com.vssekorin.sosna.ListTest" time="0.001"/>
  <testcase name="testContainsFalseIfElementNotExists()" classname="com.vssekorin.sosna.ListTest" time="0.0"/>
  <testcase name="testGetOrNullReturnNullIfIndexIsNotCorrect()" classname="com.vssekorin.sosna.ListTest" time="0.0"/>
  <testcase name="testNilIsNotNonEmpty()" classname="com.vssekorin.sosna.ListTest" time="0.0"/>
  <testcase name="testNilIsNil()" classname="com.vssekorin.sosna.ListTest" time="0.0"/>
  <testcase name="testConsIsNonEmpty()" classname="com.vssekorin.sosna.ListTest" time="0.001"/>
  <testcase name="testConsIsNotNil()" classname="com.vssekorin.sosna.ListTest" time="0.0"/>
  <testcase name="testAsJava()" classname="com.vssekorin.sosna.ListTest" time="0.001"/>
  <testcase name="testNilIsEmpty()" classname="com.vssekorin.sosna.ListTest" time="0.001"/>
  <testcase name="testConsIsNotEmpty()" classname="com.vssekorin.sosna.ListTest" time="0.0"/>
  <testcase name="testContainsTrueIfElementExists()" classname="com.vssekorin.sosna.ListTest" time="0.0"/>
  <testcase name="testStream()" classname="com.vssekorin.sosna.ListTest" time="0.001"/>
  <system-out><![CDATA[]]></system-out>
  <system-err><![CDATA[]]></system-err>
</testsuite>
